/usr/local/share/ghdl/bin/ghdl -i --ieee=synopsys -fexplicit --workdir=build --work=work ../src/cpu.vhd
/usr/local/share/ghdl/bin/ghdl -m --ieee=synopsys -fexplicit --workdir=build -Pbuild --work=work cpu
/usr/local/share/ghdl/bin/ghdl -r --ieee=synopsys -fexplicit --workdir=build -Pbuild --work=work cpu --vpi=/homes/eva/xs/xschul06/inp22-projekt1/env/lib/python3.8/site-packages/cocotb/libs/libcocotbvpi_ghdl.so
     -.--ns INFO     gpi                                ..mbed/gpi_embed.cpp:109  in set_program_name_in_venv        Using Python virtual environment interpreter at /homes/eva/xs/xschul06/inp22-projekt1/env/bin/python
     -.--ns INFO     gpi                                ../gpi/GpiCommon.cpp:101  in gpi_print_registered_impl       VPI registered
     0.00ns INFO     cocotb                             Running on GHDL version 2.0.0 (tarball) [Dunoon edition]
     0.00ns INFO     cocotb                             Running tests with cocotb v1.7.1 from /homes/eva/xs/xschul06/inp22-projekt1/env/lib/python3.8/site-packages/cocotb
     0.00ns INFO     cocotb                             Seeding Python random module with 1668371443
     0.00ns INFO     cocotb.hexdigest                   lib: 8d35cc842ac3015bb2b0b725be80fa16
     0.00ns INFO     cocotb.regression                  Found test cpu.test_reset
     0.00ns INFO     cocotb.regression                  Found test cpu.test_increment
     0.00ns INFO     cocotb.regression                  Found test cpu.test_decrement
     0.00ns INFO     cocotb.regression                  Found test cpu.test_move
     0.00ns INFO     cocotb.regression                  Found test cpu.test_print
     0.00ns INFO     cocotb.regression                  Found test cpu.test_input
     0.00ns INFO     cocotb.regression                  Found test cpu.test_while_loop
     0.00ns INFO     cocotb.regression                  Found test cpu.test_do_loop
     0.00ns INFO     cocotb.regression                  Found test cpu.test_login_xschul06
     0.00ns INFO     cocotb.regression                  running test_reset (1/9)
     0.00ns INFO     cocotb.hexdigest                   test: 057eab561b78956cb127e77d116fb931
    51.00ns INFO     cocotb.regression                  test_reset passed
    51.00ns INFO     cocotb.regression                  running test_increment (2/9)
                                                          Increment value of the first memory cell, i.e. *ptr++
    51.00ns INFO     cocotb.hexdigest                   test: 03c249f0f8835dafcbb45c1397d077bc
    52.00ns INFO     cocotb.hexdigest                   code: 7686ca46d34b09525f7cb7e690d1e90d
  1106.00ns INFO     cocotb.regression                  test_increment failed
                                                        Traceback (most recent call last):
                                                          File "/homes/eva/xs/xschul06/inp22-projekt1/zadani/test/cpu_lib.py", line 256, in fff
                                                            return await fg(dut)
                                                          File "/homes/eva/xs/xschul06/inp22-projekt1/zadani/test/cpu.py", line 27, in test_increment
                                                            instcnt, mem, _ = await run_program(dut, '+-+')
                                                          File "/homes/eva/xs/xschul06/inp22-projekt1/zadani/test/cpu_lib.py", line 242, in run_program
                                                            proglen, mem = await with_timeout(meminst, timeout_ns, 'ns')
                                                          File "/homes/eva/xs/xschul06/inp22-projekt1/env/lib/python3.8/site-packages/cocotb/triggers.py", line 1013, in with_timeout
                                                            raise cocotb.result.SimTimeoutError
                                                        cocotb.result.SimTimeoutError
  1106.00ns INFO     cocotb.regression                  running test_decrement (3/9)
                                                          Decrement value of the first memory cell, i.e. *ptr--
  1106.00ns INFO     cocotb.hexdigest                   test: 7d3191c6ad8376cff30f9c9ff75c9861
  1107.00ns INFO     cocotb.hexdigest                   code: 7a53856a4ab8d18650cd8ffb96c8bdc0
  2161.00ns INFO     cocotb.regression                  test_decrement failed
                                                        Traceback (most recent call last):
                                                          File "/homes/eva/xs/xschul06/inp22-projekt1/zadani/test/cpu_lib.py", line 256, in fff
                                                            return await fg(dut)
                                                          File "/homes/eva/xs/xschul06/inp22-projekt1/zadani/test/cpu.py", line 35, in test_decrement
                                                            instcnt, mem, _ = await run_program(dut, '---')
                                                          File "/homes/eva/xs/xschul06/inp22-projekt1/zadani/test/cpu_lib.py", line 242, in run_program
                                                            proglen, mem = await with_timeout(meminst, timeout_ns, 'ns')
                                                          File "/homes/eva/xs/xschul06/inp22-projekt1/env/lib/python3.8/site-packages/cocotb/triggers.py", line 1013, in with_timeout
                                                            raise cocotb.result.SimTimeoutError
                                                        cocotb.result.SimTimeoutError
  2161.00ns INFO     cocotb.regression                  running test_move (4/9)
                                                          Move the pointer to the next cell and increment its value
  2161.00ns INFO     cocotb.hexdigest                   test: f97db8470e631c61f2d57ac1a85d0680
  2162.00ns INFO     cocotb.hexdigest                   code: e83436aebec668b874aafe6ae5580ef8
  2361.00ns INFO     cocotb.hexdigest                   result: e83436aebec668b874aafe6ae5580ef8
  2361.00ns INFO     cocotb.regression                  test_move failed
                                                        Traceback (most recent call last):
                                                          File "/homes/eva/xs/xschul06/inp22-projekt1/zadani/test/cpu_lib.py", line 256, in fff
                                                            return await fg(dut)
                                                          File "/homes/eva/xs/xschul06/inp22-projekt1/zadani/test/cpu.py", line 46, in test_move
                                                            assert mem[RAM_OFS+1] == 1
                                                        AssertionError: assert 0 == 1
  2361.00ns INFO     cocotb.regression                  running test_print (5/9)
                                                          Print data to the output, i.e. putchar(*ptr)
  2361.00ns INFO     cocotb.hexdigest                   test: ee8e863d9ee4d82f003fbda4b2bfcb2d
  2362.00ns INFO     cocotb.hexdigest                   code: f3ab05255fe35921712596c86de01a6f
  5916.00ns INFO     cocotb.regression                  test_print failed
                                                        Traceback (most recent call last):
                                                          File "/homes/eva/xs/xschul06/inp22-projekt1/zadani/test/cpu_lib.py", line 256, in fff
                                                            return await fg(dut)
                                                          File "/homes/eva/xs/xschul06/inp22-projekt1/zadani/test/cpu.py", line 51, in test_print
                                                            instcnt, mem, lcd = await run_program(dut, '...', mem_data='0', timeout_ns=LCD_WAIT_TIME*5 + 1000)
                                                          File "/homes/eva/xs/xschul06/inp22-projekt1/zadani/test/cpu_lib.py", line 242, in run_program
                                                            proglen, mem = await with_timeout(meminst, timeout_ns, 'ns')
                                                          File "/homes/eva/xs/xschul06/inp22-projekt1/env/lib/python3.8/site-packages/cocotb/triggers.py", line 1013, in with_timeout
                                                            raise cocotb.result.SimTimeoutError
                                                        cocotb.result.SimTimeoutError
  5916.00ns INFO     cocotb.regression                  running test_input (6/9)
                                                          Load data from the input, i.e. *ptr=getchar()
  5916.00ns INFO     cocotb.hexdigest                   test: 6888b5d0d6353b08c7c893526dcf5793
  5917.00ns INFO     cocotb.hexdigest                   code: d66a7d13199397df9dae4f1151860b8a
  7136.00ns INFO     cocotb.hexdigest                   result: d66a7d13199397df9dae4f1151860b8a
  7136.00ns INFO     cocotb.regression                  test_input failed
                                                        Traceback (most recent call last):
                                                          File "/homes/eva/xs/xschul06/inp22-projekt1/zadani/test/cpu_lib.py", line 256, in fff
                                                            return await fg(dut)
                                                          File "/homes/eva/xs/xschul06/inp22-projekt1/zadani/test/cpu.py", line 59, in test_input
                                                            assert mem[RAM_OFS] == ord('2')
                                                        AssertionError: assert 0 == 50
                                                         +  where 50 = ord('2')
  7136.00ns INFO     cocotb.regression                  running test_while_loop (7/9)
                                                          Simple while loop test
  7136.00ns INFO     cocotb.hexdigest                   test: 913727e19e25be1745b37ac0ad519cd6
  7137.00ns INFO     cocotb.hexdigest                   code: 840a18756c060ab90a062e4a6ecfcdb6
 12191.00ns INFO     cocotb.regression                  test_while_loop failed
                                                        Traceback (most recent call last):
                                                          File "/homes/eva/xs/xschul06/inp22-projekt1/zadani/test/cpu_lib.py", line 256, in fff
                                                            return await fg(dut)
                                                          File "/homes/eva/xs/xschul06/inp22-projekt1/zadani/test/cpu.py", line 68, in test_while_loop
                                                            instcnt, mem, lcd = await run_program(dut, '[.-]', mem_data='\3', timeout_ns = LCD_WAIT_TIME*10)
                                                          File "/homes/eva/xs/xschul06/inp22-projekt1/zadani/test/cpu_lib.py", line 242, in run_program
                                                            proglen, mem = await with_timeout(meminst, timeout_ns, 'ns')
                                                          File "/homes/eva/xs/xschul06/inp22-projekt1/env/lib/python3.8/site-packages/cocotb/triggers.py", line 1013, in with_timeout
                                                            raise cocotb.result.SimTimeoutError
                                                        cocotb.result.SimTimeoutError
 12191.00ns INFO     cocotb.regression                  running test_do_loop (8/9)
                                                          Simple do-while loop test
 12191.00ns INFO     cocotb.hexdigest                   test: a72c87ec144cec60bc0231a172c0d9a0
 12192.00ns INFO     cocotb.hexdigest                   code: bb456a744e51e06092c7b11eb147f8ad
 17246.00ns INFO     cocotb.regression                  test_do_loop failed
                                                        Traceback (most recent call last):
                                                          File "/homes/eva/xs/xschul06/inp22-projekt1/zadani/test/cpu_lib.py", line 256, in fff
                                                            return await fg(dut)
                                                          File "/homes/eva/xs/xschul06/inp22-projekt1/zadani/test/cpu.py", line 75, in test_do_loop
                                                            instcnt, mem, lcd = await run_program(dut, '(-)', mem_data='\3', timeout_ns = LCD_WAIT_TIME*10)
                                                          File "/homes/eva/xs/xschul06/inp22-projekt1/zadani/test/cpu_lib.py", line 242, in run_program
                                                            proglen, mem = await with_timeout(meminst, timeout_ns, 'ns')
                                                          File "/homes/eva/xs/xschul06/inp22-projekt1/env/lib/python3.8/site-packages/cocotb/triggers.py", line 1013, in with_timeout
                                                            raise cocotb.result.SimTimeoutError
                                                        cocotb.result.SimTimeoutError
 17246.00ns INFO     cocotb.regression                  running test_login_xschul06 (9/9)
                                                          Executes program in login.b file
 17246.00ns INFO     cocotb.hexdigest                   test: 3e493c4d0644743575fef830f8b423a9
 17247.00ns INFO     cocotb.hexdigest                   code: 36f6a33095ce50b11baf2bc37207aa6f
141206.00ns INFO     cocotb.hexdigest                   result: 36f6a33095ce50b11baf2bc37207aa6f
141206.00ns INFO     cocotb.regression                  test_login_xschul06 failed
                                                        Traceback (most recent call last):
                                                          File "<makefun-gen-1>", line 2, in test_login_xschul06
                                                          File "/homes/eva/xs/xschul06/inp22-projekt1/zadani/test/cpu_lib.py", line 252, in ff
                                                            return await fg(dut, uid)
                                                          File "/homes/eva/xs/xschul06/inp22-projekt1/zadani/test/cpu.py", line 87, in test_login
                                                            assert lcd.lower() == uid, "Invalid output"
                                                        AssertionError: Invalid output
                                                        assert '' == 'xschul06'
                                                         +  where '' = <built-in method lower of str object at 0x7f8f04dc12f0>()
                                                         +    where <built-in method lower of str object at 0x7f8f04dc12f0> = ''.lower
141206.00ns INFO     cocotb.regression                  **************************************************************************************
                                                        ** TEST                          STATUS  SIM TIME (ns)  REAL TIME (s)  RATIO (ns/s) **
                                                        **************************************************************************************
                                                        ** cpu.test_reset                 PASS          51.00           0.00      14439.69  **
                                                        ** cpu.test_increment             FAIL        1055.00           0.04      26850.18  **
                                                        ** cpu.test_decrement             FAIL        1055.00           0.04      25768.04  **
                                                        ** cpu.test_move                  FAIL         200.00           0.01      17154.62  **
                                                        ** cpu.test_print                 FAIL        3555.00           0.13      26894.76  **
                                                        ** cpu.test_input                 FAIL        1220.00           0.05      26560.83  **
                                                        ** cpu.test_while_loop            FAIL        5055.00           0.18      27493.56  **
                                                        ** cpu.test_do_loop               FAIL        5055.00           0.21      23895.49  **
                                                        ** cpu.test_login_xschul06        FAIL      123960.00           5.98      20732.19  **
                                                        **************************************************************************************
                                                        ** TESTS=9 PASS=1 FAIL=8 SKIP=0             141206.00           7.03      20099.33  **
                                                        **************************************************************************************
                                                        
